
Showing logs for build [32mmiczeq22-go-demo-6-master-q7bwk-1[0m stage [32mfrom-build-pack[0m and container [32mcredential-initializer[0m
{"level":"info","ts":1618784155.919775,"caller":"creds-init/main.go:44","msg":"Credentials initialized."}

Showing logs for build [32mmiczeq22-go-demo-6-master-q7bwk-1[0m stage [32mfrom-build-pack[0m and container [32mworking-dir-initializer[0m

Showing logs for build [32mmiczeq22-go-demo-6-master-q7bwk-1[0m stage [32mfrom-build-pack[0m and container [32mplace-tools[0m

Showing logs for build [32mmiczeq22-go-demo-6-master-q7bwk-1[0m stage [32mfrom-build-pack[0m and container [32mstep-git-source-miczeq22-go-demo-6-master-q7bwk-mchr7[0m
{"level":"info","ts":1618784179.972526,"caller":"git/git.go:105","msg":"Successfully cloned https://github.com/********/go-demo-6.git @ v1.0.490 in path /workspace/source"}
{"level":"warn","ts":1618784179.9727802,"caller":"git/git.go:152","msg":"Unexpected error: creating symlink: symlink /tekton/home/.ssh /root/.ssh: file exists"}
{"level":"info","ts":1618784180.0063677,"caller":"git/git.go:133","msg":"Successfully initialized and updated submodules in path /workspace/source"}

Showing logs for build [32mmiczeq22-go-demo-6-master-q7bwk-1[0m stage [32mfrom-build-pack[0m and container [32mstep-setup-builder-home[0m

Showing logs for build [32mmiczeq22-go-demo-6-master-q7bwk-1[0m stage [32mfrom-build-pack[0m and container [32mstep-git-merge[0m
Using SHAs from PULL_REFS=master:ae464725945868718e1257fd32d78efdf256bb2e
WARNING: no SHAs to merge, falling back to initial cloned commit

Showing logs for build [32mmiczeq22-go-demo-6-master-q7bwk-1[0m stage [32mfrom-build-pack[0m and container [32mstep-setup-jx-git-credentials[0m
Generated Git credentials file /workspace/xdg_config/git/credentials

Showing logs for build [32mmiczeq22-go-demo-6-master-q7bwk-1[0m stage [32mfrom-build-pack[0m and container [32mstep-build-make-build[0m
go: downloading gopkg.in/mgo.v2 v2.0.0-20180705113604-9856a29383ce
go: downloading github.com/prometheus/client_golang v0.9.2
go: extracting github.com/prometheus/client_golang v0.9.2
go: extracting gopkg.in/mgo.v2 v2.0.0-20180705113604-9856a29383ce
go: downloading github.com/prometheus/common v0.0.0-20181126121408-4724e9255275
go: downloading github.com/beorn7/perks v0.0.0-20180321164747-3a771d992973
go: downloading github.com/prometheus/client_model v0.0.0-20180712105110-5c3871d89910
go: downloading github.com/golang/protobuf v1.2.0
go: downloading github.com/prometheus/procfs v0.0.0-20181204211112-1dc9a6cbc91a
go: extracting github.com/beorn7/perks v0.0.0-20180321164747-3a771d992973
go: extracting github.com/prometheus/common v0.0.0-20181126121408-4724e9255275
go: extracting github.com/prometheus/procfs v0.0.0-20181204211112-1dc9a6cbc91a
go: extracting github.com/prometheus/client_model v0.0.0-20180712105110-5c3871d89910
go: downloading github.com/matttproud/golang_protobuf_extensions v1.0.1
go: extracting github.com/matttproud/golang_protobuf_extensions v1.0.1
go: extracting github.com/golang/protobuf v1.2.0
go: finding github.com/prometheus/client_golang v0.9.2
go: finding gopkg.in/mgo.v2 v2.0.0-20180705113604-9856a29383ce
go: finding github.com/beorn7/perks v0.0.0-20180321164747-3a771d992973
go: finding github.com/golang/protobuf v1.2.0
go: finding github.com/prometheus/client_model v0.0.0-20180712105110-5c3871d89910
go: finding github.com/prometheus/common v0.0.0-20181126121408-4724e9255275
go: finding github.com/prometheus/procfs v0.0.0-20181204211112-1dc9a6cbc91a
go: finding github.com/matttproud/golang_protobuf_extensions v1.0.1
CGO_ENABLED=0 GO15VENDOREXPERIMENT=1 go build -ldflags '' -o bin/go-demo-6 main.go

Showing logs for build [32mmiczeq22-go-demo-6-master-q7bwk-1[0m stage [32mfrom-build-pack[0m and container [32mstep-build-container-build[0m
[36mINFO[0m[0000] Using dockerignore file: /workspace/source/.dockerignore 
[36mINFO[0m[0000] No base image, nothing to extract            
[36mINFO[0m[0000] Built cross stage deps: map[]                
[36mINFO[0m[0000] No base image, nothing to extract            
[36mINFO[0m[0000] Executing 0 build triggers                   
[36mINFO[0m[0000] cmd: EXPOSE                                  
[36mINFO[0m[0000] Adding exposed port: 8080/tcp                
[36mINFO[0m[0000] Checking for cached layer 926177331008.dkr.ecr.eu-west-2.amazonaws.com/todo/cache:f0e74ba8a0a06d47d5ea59d233be33a19954748f2e65b5b0fd4018801df6fddf... 
[36mINFO[0m[0000] No cached layer found for cmd COPY ./bin/ /  
[36mINFO[0m[0000] Unpacking rootfs as cmd COPY ./bin/ / requires it. 
[36mINFO[0m[0000] EXPOSE 8080                                  
[36mINFO[0m[0000] cmd: EXPOSE                                  
[36mINFO[0m[0000] Adding exposed port: 8080/tcp                
[36mINFO[0m[0000] No files changed in this command, skipping snapshotting. 
[36mINFO[0m[0000] ENTRYPOINT ["/go-demo-6"]                    
[36mINFO[0m[0000] No files changed in this command, skipping snapshotting. 
[36mINFO[0m[0000] COPY ./bin/ /                                
[36mINFO[0m[0000] Resolving 2 paths                            
[36mINFO[0m[0000] Taking snapshot of files...                  
[36mINFO[0m[0000] Pushing layer 926177331008.dkr.ecr.eu-west-2.amazonaws.com/todo/cache:f0e74ba8a0a06d47d5ea59d233be33a19954748f2e65b5b0fd4018801df6fddf to cache now 
[33mWARN[0m[0000] error uploading layer to cache: failed to push to destination 926177331008.dkr.ecr.eu-west-2.amazonaws.com/todo/cache:f0e74ba8a0a06d47d5ea59d233be33a19954748f2e65b5b0fd4018801df6fddf: POST https://926177331008.dkr.ecr.eu-west-2.amazonaws.com/v2/todo/cache/blobs/uploads/: NAME_UNKNOWN: The repository with name 'todo/cache' does not exist in the registry with id '926177331008' 

Showing logs for build [32mmiczeq22-go-demo-6-master-q7bwk-1[0m stage [32mfrom-build-pack[0m and container [32mstep-build-post-build[0m
no CVE provider running in the current ** namespace so skip adding image to be analysed

Showing logs for build [32mmiczeq22-go-demo-6-master-q7bwk-1[0m stage [32mfrom-build-pack[0m and container [32mstep-promote-changelog[0m
Converted /workspace/source/charts/go-demo-6 to an unshallow repository
Generating change log from git ref 0964e0f3a9b6e0b9ac5d2620edc81ee13fb94794 => 3023ee1e1181b57a6d8e65f78ef0e1b9b249fad6
Associating user miko-aj-wargowski in users.jenkins.io with email mikoajw20@gmail.com to git GitProvider user with login mikołaj-wargowski-0 as emails match
Adding label jenkins.io/git-github-userid=mikołaj-wargowski-0 to user miko-aj-wargowski in users.jenkins.io
Finding issues in commit messages using git format
WARNING: No release found for ********/go-demo-6 and tag v1.0.490 so creating a new release
Updated the release information at https://github.com/********/go-demo-6/releases/tag/v1.0.490
generated: /workspace/source/charts/go-demo-6/templates/release.yaml
Created Release go-demo-6-1-0-490 resource in namespace **
Updating PipelineActivity miczeq22-go-demo-6-master-1 with version 1.0.490
Updated PipelineActivities miczeq22-go-demo-6-master-1 with release notes URL: https://github.com/********/go-demo-6/releases/tag/v1.0.490

Showing logs for build [32mmiczeq22-go-demo-6-master-q7bwk-1[0m stage [32mfrom-build-pack[0m and container [32mstep-promote-helm-release[0m
WARNING: No $CHART_REPOSITORY defined so using the default value of: http://jenkins-x-chartmuseum:8080
Adding missing Helm repo: storage.googleapis.com https://storage.googleapis.com/chartmuseum.jenkins-x.io
Successfully added Helm repository storage.googleapis.com.
Adding missing Helm repo: jenkins-x-chartmuseum http://jenkins-x-chartmuseum:8080
Successfully added Helm repository jenkins-x-chartmuseum.
WARNING: No $CHART_REPOSITORY defined so using the default value of: http://jenkins-x-chartmuseum:8080
Uploading chart file go-demo-6-1.0.490.tgz to http://jenkins-x-chartmuseum:8080/api/charts
Received 201 response: {"saved":true}

Showing logs for build [32mmiczeq22-go-demo-6-master-q7bwk-1[0m stage [32mfrom-build-pack[0m and container [32mstep-promote-jx-promote[0m
WARNING: prow based install so skip waiting for the merge of Pull Requests to go green as currently there is an issue with gettingstatuses from the PR, see https://github.com/jenkins-x/**/issues/2410
WARNING: No $CHART_REPOSITORY defined so using the default value of: http://jenkins-x-chartmuseum:8080
Promoting app go-demo-6 version 1.0.490 to namespace **-staging
Created Pull Request: https://github.com/********/environment-**-rocks-staging/pull/1
Added label updatebot to Pull Request https://github.com/********/environment-**-rocks-staging/pull/1
got git provider status pending from PR https://github.com/********/environment-**-rocks-staging/pull/1
got git provider status pending from PR https://github.com/********/environment-**-rocks-staging/pull/1
got git provider status pending from PR https://github.com/********/environment-**-rocks-staging/pull/1
got git provider status pending from PR https://github.com/********/environment-**-rocks-staging/pull/1
Pull Request https://github.com/********/environment-**-rocks-staging/pull/1 is merged at sha f3e2766b9535574d66ef684f48c5ff0e61694851
Pull Request merged but we are not waiting for the update pipeline to complete!
WARNING: Could not find the service URL in namespace **-staging for names go-demo-6, **-go-demo-6, **-staging-go-demo-6
